[    93.064] (--) Log file renamed from "/home/boyko/.local/share/xorg/Xorg.pid-1433.log" to "/home/boyko/.local/share/xorg/Xorg.0.log"
[    93.084] 
X.Org X Server 1.20.8
X Protocol Version 11, Revision 0
[    93.084] Build Operating System: Linux 4.15.0-124-generic x86_64 Ubuntu
[    93.084] Current Operating System: Linux ubuntu 5.4.0-66-generic #74~18.04.2-Ubuntu SMP Fri Feb 5 11:17:31 UTC 2021 x86_64
[    93.084] Kernel command line: BOOT_IMAGE=/boot/vmlinuz-5.4.0-66-generic root=UUID=268c4b1e-439a-46db-9997-48854302bb1e ro find_preseed=/preseed.cfg auto noprompt priority=critical locale=en_US quiet
[    93.084] Build Date: 30 November 2020  05:59:23PM
[    93.084] xorg-server-hwe-18.04 2:1.20.8-2ubuntu2.2~18.04.4 (For technical support please see http://www.ubuntu.com/support) 
[    93.084] Current version of pixman: 0.34.0
[    93.084] 	Before reporting problems, check http://wiki.x.org
	to make sure that you have the latest version.
[    93.084] Markers: (--) probed, (**) from config file, (==) default setting,
	(++) from command line, (!!) notice, (II) informational,
	(WW) warning, (EE) error, (NI) not implemented, (??) unknown.
[    93.084] (==) Log file: "/home/boyko/.local/share/xorg/Xorg.0.log", Time: Sun Feb 28 18:11:44 2021
[    93.133] (==) Using system config directory "/usr/share/X11/xorg.conf.d"
[    93.191] (==) No Layout section.  Using the first Screen section.
[    93.191] (==) No screen section available. Using defaults.
[    93.191] (**) |-->Screen "Default Screen Section" (0)
[    93.191] (**) |   |-->Monitor "<default monitor>"
[    93.192] (==) No monitor specified for screen "Default Screen Section".
	Using a default monitor configuration.
[    93.192] (==) Automatically adding devices
[    93.192] (==) Automatically enabling devices
[    93.192] (==) Automatically adding GPU devices
[    93.192] (==) Automatically binding GPU devices
[    93.192] (==) Max clients allowed: 256, resource mask: 0x1fffff
[    93.192] (WW) The directory "/usr/share/fonts/X11/cyrillic" does not exist.
[    93.192] 	Entry deleted from font path.
[    93.192] (WW) The directory "/usr/share/fonts/X11/100dpi/" does not exist.
[    93.192] 	Entry deleted from font path.
[    93.192] (WW) The directory "/usr/share/fonts/X11/75dpi/" does not exist.
[    93.192] 	Entry deleted from font path.
[    93.193] (WW) The directory "/usr/share/fonts/X11/100dpi" does not exist.
[    93.193] 	Entry deleted from font path.
[    93.193] (WW) The directory "/usr/share/fonts/X11/75dpi" does not exist.
[    93.193] 	Entry deleted from font path.
[    93.193] (==) FontPath set to:
	/usr/share/fonts/X11/misc,
	/usr/share/fonts/X11/Type1,
	built-ins
[    93.193] (==) ModulePath set to "/usr/lib/xorg/modules"
[    93.193] (II) The server relies on udev to provide the list of input devices.
	If no devices become available, reconfigure udev or disable AutoAddDevices.
[    93.193] (II) Loader magic: 0x561eb5d40020
[    93.193] (II) Module ABI versions:
[    93.193] 	X.Org ANSI C Emulation: 0.4
[    93.193] 	X.Org Video Driver: 24.1
[    93.193] 	X.Org XInput driver : 24.1
[    93.193] 	X.Org Server Extension : 10.0
[    93.197] (++) using VT number 2

[    93.210] (II) systemd-logind: took control of session /org/freedesktop/login1/session/_32
[    93.215] (II) xfree86: Adding drm device (/dev/dri/card0)
[    93.219] (II) systemd-logind: got fd for /dev/dri/card0 226:0 fd 12 paused 0
[    93.242] (--) PCI:*(0@0:15:0) 15ad:0405:15ad:0405 rev 0, Mem @ 0xe8000000/134217728, 0xfe000000/8388608, I/O @ 0x00001070/16, BIOS @ 0x????????/131072
[    93.242] (II) LoadModule: "glx"
[    93.285] (II) Loading /usr/lib/xorg/modules/extensions/libglx.so
[    93.389] (II) Module glx: vendor="X.Org Foundation"
[    93.389] 	compiled for 1.20.8, module version = 1.0.0
[    93.389] 	ABI class: X.Org Server Extension, version 10.0
[    93.389] (==) Matched vmware as autoconfigured driver 0
[    93.389] (==) Matched modesetting as autoconfigured driver 1
[    93.389] (==) Matched fbdev as autoconfigured driver 2
[    93.389] (==) Matched vesa as autoconfigured driver 3
[    93.389] (==) Assigned the driver to the xf86ConfigLayout
[    93.389] (II) LoadModule: "vmware"
[    93.390] (II) Loading /usr/lib/xorg/modules/drivers/vmware_drv.so
[    93.674] (II) Module vmware: vendor="X.Org Foundation"
[    93.674] 	compiled for 1.20.1, module version = 13.3.0
[    93.674] 	Module class: X.Org Video Driver
[    93.674] 	ABI class: X.Org Video Driver, version 24.0
[    93.674] (II) LoadModule: "modesetting"
[    93.674] (II) Loading /usr/lib/xorg/modules/drivers/modesetting_drv.so
[    93.700] (II) Module modesetting: vendor="X.Org Foundation"
[    93.700] 	compiled for 1.20.8, module version = 1.20.8
[    93.700] 	Module class: X.Org Video Driver
[    93.700] 	ABI class: X.Org Video Driver, version 24.1
[    93.700] (II) LoadModule: "fbdev"
[    93.700] (II) Loading /usr/lib/xorg/modules/drivers/fbdev_drv.so
[    93.726] (II) Module fbdev: vendor="X.Org Foundation"
[    93.726] 	compiled for 1.20.1, module version = 0.5.0
[    93.726] 	Module class: X.Org Video Driver
[    93.726] 	ABI class: X.Org Video Driver, version 24.0
[    93.726] (II) LoadModule: "vesa"
[    93.727] (II) Loading /usr/lib/xorg/modules/drivers/vesa_drv.so
[    93.730] (II) Module vesa: vendor="X.Org Foundation"
[    93.731] 	compiled for 1.20.1, module version = 2.4.0
[    93.731] 	Module class: X.Org Video Driver
[    93.731] 	ABI class: X.Org Video Driver, version 24.0
[    93.731] (II) vmware: driver for VMware SVGA: vmware0405, vmware0710
[    93.731] (II) modesetting: Driver for Modesetting Kernel Drivers: kms
[    93.731] (II) FBDEV: driver for framebuffer: fbdev
[    93.731] (II) VESA: driver for VESA chipsets: vesa
[    93.731] xf86EnableIOPorts: failed to set IOPL for I/O (Operation not permitted)
[    93.731] (WW) Falling back to old probe method for modesetting
[    93.732] (WW) Falling back to old probe method for fbdev
[    93.732] (II) Loading sub module "fbdevhw"
[    93.732] (II) LoadModule: "fbdevhw"
[    93.733] (II) Loading /usr/lib/xorg/modules/libfbdevhw.so
[    93.751] (II) Module fbdevhw: vendor="X.Org Foundation"
[    93.751] 	compiled for 1.20.8, module version = 0.0.2
[    93.751] 	ABI class: X.Org Video Driver, version 24.1
[    93.751] (EE) open /dev/fb0: Permission denied
[    93.751] (WW) VGA arbiter: cannot open kernel arbiter, no multi-card support
[    93.751] (II) vmware(0): Creating default Display subsection in Screen section
	"Default Screen Section" for depth/fbbpp 24/32
[    93.751] (--) vmware(0): DRM driver version is 2.15.0
[    93.751] (==) vmware(0): Depth 24, (--) framebuffer bpp 32
[    93.751] (==) vmware(0): RGB weight 888
[    93.751] (==) vmware(0): Default visual is TrueColor
[    93.751] (--) vmware(0): Min width 1, Max Width 16384.
[    93.751] (--) vmware(0): Min height 1, Max Height 16384.
[    93.755] (II) vmware(0): Output Virtual1 has no monitor section
[    93.755] (II) vmware(0): Output Virtual2 has no monitor section
[    93.755] (II) vmware(0): Output Virtual3 has no monitor section
[    93.755] (II) vmware(0): Output Virtual4 has no monitor section
[    93.756] (II) vmware(0): Output Virtual5 has no monitor section
[    93.756] (II) vmware(0): Output Virtual6 has no monitor section
[    93.756] (II) vmware(0): Output Virtual7 has no monitor section
[    93.756] (II) vmware(0): Output Virtual8 has no monitor section
[    93.756] (II) vmware(0): Printing probed modes for output Virtual1
[    93.756] (II) vmware(0): Modeline "800x600"x60.0   42.75  800 850 900 950  600 650 700 750 -hsync +vsync (45.0 kHz eP)
[    93.757] (II) vmware(0): Modeline "2560x1600"x60.0  348.50  2560 2752 3032 3504  1600 1603 1609 1658 -hsync +vsync (99.5 kHz e)
[    93.757] (II) vmware(0): Modeline "1920x1440"x60.0  234.00  1920 2048 2256 2600  1440 1441 1444 1500 -hsync +vsync (90.0 kHz e)
[    93.757] (II) vmware(0): Modeline "1856x1392"x60.0  218.25  1856 1952 2176 2528  1392 1393 1396 1439 -hsync +vsync (86.3 kHz e)
[    93.757] (II) vmware(0): Modeline "1792x1344"x60.0  204.75  1792 1920 2120 2448  1344 1345 1348 1394 -hsync +vsync (83.6 kHz e)
[    93.757] (II) vmware(0): Modeline "1920x1200"x59.9  193.25  1920 2056 2256 2592  1200 1203 1209 1245 -hsync +vsync (74.6 kHz e)
[    93.757] (II) vmware(0): Modeline "1600x1200"x60.0  162.00  1600 1664 1856 2160  1200 1201 1204 1250 +hsync +vsync (75.0 kHz e)
[    93.757] (II) vmware(0): Modeline "1680x1050"x60.0  146.25  1680 1784 1960 2240  1050 1053 1059 1089 -hsync +vsync (65.3 kHz e)
[    93.757] (II) vmware(0): Modeline "1400x1050"x60.0  121.75  1400 1488 1632 1864  1050 1053 1057 1089 -hsync +vsync (65.3 kHz e)
[    93.757] (II) vmware(0): Modeline "1280x1024"x60.0  108.00  1280 1328 1440 1688  1024 1025 1028 1066 +hsync +vsync (64.0 kHz e)
[    93.757] (II) vmware(0): Modeline "1440x900"x59.9  106.50  1440 1520 1672 1904  900 903 909 934 -hsync +vsync (55.9 kHz e)
[    93.757] (II) vmware(0): Modeline "1280x960"x60.0  108.00  1280 1376 1488 1800  960 961 964 1000 +hsync +vsync (60.0 kHz e)
[    93.757] (II) vmware(0): Modeline "1360x768"x60.0   85.50  1360 1424 1536 1792  768 771 777 795 +hsync +vsync (47.7 kHz e)
[    93.757] (II) vmware(0): Modeline "1280x800"x59.8   83.50  1280 1352 1480 1680  800 803 809 831 +hsync -vsync (49.7 kHz e)
[    93.757] (II) vmware(0): Modeline "1152x864"x75.0  108.00  1152 1216 1344 1600  864 865 868 900 +hsync +vsync (67.5 kHz e)
[    93.757] (II) vmware(0): Modeline "1280x768"x59.9   79.50  1280 1344 1472 1664  768 771 778 798 -hsync +vsync (47.8 kHz e)
[    93.757] (II) vmware(0): Modeline "1024x768"x60.0   65.00  1024 1048 1184 1344  768 771 777 806 -hsync -vsync (48.4 kHz e)
[    93.757] (II) vmware(0): Modeline "800x600"x60.3   40.00  800 840 968 1056  600 601 605 628 +hsync +vsync (37.9 kHz e)
[    93.757] (II) vmware(0): Modeline "640x480"x59.9   25.18  640 656 752 800  480 489 492 525 -hsync -vsync (31.5 kHz e)
[    93.757] (II) vmware(0): EDID for output Virtual2
[    93.757] (II) vmware(0): EDID for output Virtual3
[    93.757] (II) vmware(0): EDID for output Virtual4
[    93.758] (II) vmware(0): EDID for output Virtual5
[    93.758] (II) vmware(0): EDID for output Virtual6
[    93.758] (II) vmware(0): EDID for output Virtual7
[    93.758] (II) vmware(0): EDID for output Virtual8
[    93.758] (II) vmware(0): Output Virtual1 connected
[    93.758] (II) vmware(0): Output Virtual2 disconnected
[    93.758] (II) vmware(0): Output Virtual3 disconnected
[    93.758] (II) vmware(0): Output Virtual4 disconnected
[    93.758] (II) vmware(0): Output Virtual5 disconnected
[    93.758] (II) vmware(0): Output Virtual6 disconnected
[    93.758] (II) vmware(0): Output Virtual7 disconnected
[    93.758] (II) vmware(0): Output Virtual8 disconnected
[    93.758] (II) vmware(0): Using exact sizes for initial modes
[    93.758] (II) vmware(0): Output Virtual1 using initial mode 800x600 +0+0
[    93.758] (==) vmware(0): DPI set to (96, 96)
[    93.758] (==) vmware(0): Using gamma correction (1.0, 1.0, 1.0)
[    93.758] (II) Loading sub module "fb"
[    93.758] (II) LoadModule: "fb"
[    93.759] (II) Loading /usr/lib/xorg/modules/libfb.so
[    93.785] (II) Module fb: vendor="X.Org Foundation"
[    93.785] 	compiled for 1.20.8, module version = 1.0.0
[    93.785] 	ABI class: X.Org ANSI C Emulation, version 0.4
[    93.785] (II) Loading sub module "dri2"
[    93.785] (II) LoadModule: "dri2"
[    93.785] (II) Module "dri2" already built-in
[    93.785] (II) Loading sub module "dri3"
[    93.785] (II) LoadModule: "dri3"
[    93.785] (II) Module "dri3" already built-in
[    93.785] (II) UnloadModule: "modesetting"
[    93.785] (II) Unloading modesetting
[    93.786] (II) UnloadModule: "fbdev"
[    93.786] (II) Unloading fbdev
[    93.786] (II) UnloadSubModule: "fbdevhw"
[    93.786] (II) Unloading fbdevhw
[    93.786] (II) UnloadModule: "vesa"
[    93.786] (II) Unloading vesa
[    93.804] (II) vmware(0): Initialized VMWARE_CTRL extension version 0.2
[    93.940] (II) vmware(0): Gallium3D XA version: 2.5.0.
[    93.940] (II) vmware(0): Path of drm device is "/dev/dri/card0".
[    93.941] (II) vmware(0): [DRI2] Setup complete
[    93.941] (II) vmware(0): [DRI2]   DRI driver: vmwgfx
[    94.555] (--) vmware(0): Render acceleration is enabled.
[    94.555] (==) vmware(0): Rendercheck mode is disabled.
[    94.555] (--) vmware(0): Direct rendering (DRI2 3D) is enabled.
[    94.555] (--) vmware(0): Direct rendering (DRI3 3D) is enabled.
[    94.555] (==) vmware(0): Direct presents are disabled.
[    94.555] (==) vmware(0): Hardware only presents are automatic per scanout.
[    94.555] (==) vmware(0): Backing store enabled
[    94.555] (==) vmware(0): Silken mouse enabled
[    94.560] (==) vmware(0): DPMS enabled
[    94.561] (II) Initializing extension Generic Event Extension
[    94.561] (II) Initializing extension SHAPE
[    94.561] (II) Initializing extension MIT-SHM
[    94.561] (II) Initializing extension XInputExtension
[    94.616] (II) Initializing extension XTEST
[    94.619] (II) Initializing extension BIG-REQUESTS
[    94.619] (II) Initializing extension SYNC
[    94.620] (II) Initializing extension XKEYBOARD
[    94.620] (II) Initializing extension XC-MISC
[    94.621] (II) Initializing extension SECURITY
[    94.621] (II) Initializing extension XFIXES
[    94.621] (II) Initializing extension RENDER
[    94.622] (II) Initializing extension RANDR
[    94.622] (II) Initializing extension COMPOSITE
[    94.623] (II) Initializing extension DAMAGE
[    94.623] (II) Initializing extension MIT-SCREEN-SAVER
[    94.623] (II) Initializing extension DOUBLE-BUFFER
[    94.624] (II) Initializing extension RECORD
[    94.624] (II) Initializing extension DPMS
[    94.624] (II) Initializing extension Present
[    94.625] (II) Initializing extension DRI3
[    94.625] (II) Initializing extension X-Resource
[    94.625] (II) Initializing extension XVideo
[    94.626] (II) Initializing extension XVideo-MotionCompensation
[    94.626] (II) Initializing extension SELinux
[    94.626] (II) SELinux: Disabled on system
[    94.626] (II) Initializing extension GLX
[    94.673] (II) AIGLX: Loaded and initialized vmwgfx
[    94.673] (II) GLX: Initialized DRI2 GL provider for screen 0
[    94.673] (II) Initializing extension XFree86-VidModeExtension
[    94.673] (II) Initializing extension XFree86-DGA
[    94.674] (II) Initializing extension XFree86-DRI
[    94.674] (II) Initializing extension DRI2
[    94.698] (II) vmware(0): Setting screen physical size to 211 x 158
[    94.814] (II) config/udev: Adding input device Power Button (/dev/input/event0)
[    94.814] (**) Power Button: Applying InputClass "libinput keyboard catchall"
[    94.815] (II) LoadModule: "libinput"
[    94.815] (II) Loading /usr/lib/xorg/modules/input/libinput_drv.so
[    94.833] (II) Module libinput: vendor="X.Org Foundation"
[    94.833] 	compiled for 1.20.1, module version = 0.28.1
[    94.833] 	Module class: X.Org XInput Driver
[    94.833] 	ABI class: X.Org XInput driver, version 24.1
[    94.833] (II) Using input driver 'libinput' for 'Power Button'
[    94.835] (II) systemd-logind: got fd for /dev/input/event0 13:64 fd 24 paused 0
[    94.835] (**) Power Button: always reports core events
[    94.835] (**) Option "Device" "/dev/input/event0"
[    94.836] (**) Option "_source" "server/udev"
[    94.842] (II) event0  - Power Button: is tagged by udev as: Keyboard
[    94.842] (II) event0  - Power Button: device is a keyboard
[    94.843] (II) event0  - Power Button: device removed
[    94.843] (**) Option "config_info" "udev:/sys/devices/LNXSYSTM:00/LNXPWRBN:00/input/input0/event0"
[    94.845] (II) XINPUT: Adding extended input device "Power Button" (type: KEYBOARD, id 6)
[    94.845] (**) Option "xkb_layout" "us,ru"
[    94.846] (**) Option "xkb_variant" ","
[    94.943] (II) event0  - Power Button: is tagged by udev as: Keyboard
[    94.943] (II) event0  - Power Button: device is a keyboard
[    94.945] (II) config/udev: Adding input device VMware VMware Virtual USB Mouse (/dev/input/event4)
[    94.945] (**) VMware VMware Virtual USB Mouse: Applying InputClass "libinput pointer catchall"
[    94.945] (II) Using input driver 'libinput' for 'VMware VMware Virtual USB Mouse'
[    95.004] (II) systemd-logind: got fd for /dev/input/event4 13:68 fd 27 paused 0
[    95.004] (**) VMware VMware Virtual USB Mouse: always reports core events
[    95.004] (**) Option "Device" "/dev/input/event4"
[    95.004] (**) Option "_source" "server/udev"
[    95.006] (II) event4  - VMware VMware Virtual USB Mouse: is tagged by udev as: Mouse
[    95.006] (II) event4  - VMware VMware Virtual USB Mouse: device is a pointer
[    95.007] (II) event4  - VMware VMware Virtual USB Mouse: device removed
[    95.007] (**) Option "config_info" "udev:/sys/devices/pci0000:00/0000:00:11.0/0000:02:00.0/usb2/2-1/2-1:1.0/0003:0E0F:0003.0001/input/input5/event4"
[    95.007] (II) XINPUT: Adding extended input device "VMware VMware Virtual USB Mouse" (type: MOUSE, id 7)
[    95.007] (**) Option "AccelerationScheme" "none"
[    95.007] (**) VMware VMware Virtual USB Mouse: (accel) selected scheme none/0
[    95.007] (**) VMware VMware Virtual USB Mouse: (accel) acceleration factor: 2.000
[    95.007] (**) VMware VMware Virtual USB Mouse: (accel) acceleration threshold: 4
[    95.009] (II) event4  - VMware VMware Virtual USB Mouse: is tagged by udev as: Mouse
[    95.009] (II) event4  - VMware VMware Virtual USB Mouse: device is a pointer
[    95.013] (II) config/udev: Adding input device VMware VMware Virtual USB Mouse (/dev/input/mouse2)
[    95.013] (II) No input driver specified, ignoring this device.
[    95.013] (II) This device may have been added with another device file.
[    95.016] (II) config/udev: Adding input device AT Translated Set 2 keyboard (/dev/input/event1)
[    95.016] (**) AT Translated Set 2 keyboard: Applying InputClass "libinput keyboard catchall"
[    95.016] (II) Using input driver 'libinput' for 'AT Translated Set 2 keyboard'
[    95.019] (II) systemd-logind: got fd for /dev/input/event1 13:65 fd 28 paused 0
[    95.019] (**) AT Translated Set 2 keyboard: always reports core events
[    95.019] (**) Option "Device" "/dev/input/event1"
[    95.019] (**) Option "_source" "server/udev"
[    95.021] (II) event1  - AT Translated Set 2 keyboard: is tagged by udev as: Keyboard
[    95.021] (II) event1  - AT Translated Set 2 keyboard: device is a keyboard
[    95.021] (II) event1  - AT Translated Set 2 keyboard: device removed
[    95.021] (**) Option "config_info" "udev:/sys/devices/platform/i8042/serio0/input/input1/event1"
[    95.021] (II) XINPUT: Adding extended input device "AT Translated Set 2 keyboard" (type: KEYBOARD, id 8)
[    95.021] (**) Option "xkb_layout" "us,ru"
[    95.021] (**) Option "xkb_variant" ","
[    95.023] (II) event1  - AT Translated Set 2 keyboard: is tagged by udev as: Keyboard
[    95.023] (II) event1  - AT Translated Set 2 keyboard: device is a keyboard
[    95.025] (II) config/udev: Adding input device VirtualPS/2 VMware VMMouse (/dev/input/event3)
[    95.025] (**) VirtualPS/2 VMware VMMouse: Applying InputClass "libinput pointer catchall"
[    95.025] (II) Using input driver 'libinput' for 'VirtualPS/2 VMware VMMouse'
[    95.039] (II) systemd-logind: got fd for /dev/input/event3 13:67 fd 29 paused 0
[    95.040] (**) VirtualPS/2 VMware VMMouse: always reports core events
[    95.040] (**) Option "Device" "/dev/input/event3"
[    95.041] (**) Option "_source" "server/udev"
[    95.042] (II) event3  - VirtualPS/2 VMware VMMouse: is tagged by udev as: Mouse
[    95.042] (II) event3  - VirtualPS/2 VMware VMMouse: device is a pointer
[    95.042] (II) event3  - VirtualPS/2 VMware VMMouse: device removed
[    95.043] (**) Option "config_info" "udev:/sys/devices/platform/i8042/serio1/input/input3/event3"
[    95.043] (II) XINPUT: Adding extended input device "VirtualPS/2 VMware VMMouse" (type: MOUSE, id 9)
[    95.043] (**) Option "AccelerationScheme" "none"
[    95.043] (**) VirtualPS/2 VMware VMMouse: (accel) selected scheme none/0
[    95.043] (**) VirtualPS/2 VMware VMMouse: (accel) acceleration factor: 2.000
[    95.043] (**) VirtualPS/2 VMware VMMouse: (accel) acceleration threshold: 4
[    95.047] (II) event3  - VirtualPS/2 VMware VMMouse: is tagged by udev as: Mouse
[    95.047] (II) event3  - VirtualPS/2 VMware VMMouse: device is a pointer
[    95.049] (II) config/udev: Adding input device VirtualPS/2 VMware VMMouse (/dev/input/mouse1)
[    95.049] (II) No input driver specified, ignoring this device.
[    95.049] (II) This device may have been added with another device file.
[    95.052] (II) config/udev: Adding input device VirtualPS/2 VMware VMMouse (/dev/input/event2)
[    95.052] (**) VirtualPS/2 VMware VMMouse: Applying InputClass "libinput pointer catchall"
[    95.052] (II) Using input driver 'libinput' for 'VirtualPS/2 VMware VMMouse'
[    95.054] (II) systemd-logind: got fd for /dev/input/event2 13:66 fd 30 paused 0
[    95.055] (**) VirtualPS/2 VMware VMMouse: always reports core events
[    95.055] (**) Option "Device" "/dev/input/event2"
[    95.055] (**) Option "_source" "server/udev"
[    95.056] (II) event2  - VirtualPS/2 VMware VMMouse: is tagged by udev as: Mouse
[    95.056] (II) event2  - VirtualPS/2 VMware VMMouse: device is a pointer
[    95.056] (II) event2  - VirtualPS/2 VMware VMMouse: device removed
[    95.056] (**) Option "config_info" "udev:/sys/devices/platform/i8042/serio1/input/input4/event2"
[    95.056] (II) XINPUT: Adding extended input device "VirtualPS/2 VMware VMMouse" (type: MOUSE, id 10)
[    95.056] (**) Option "AccelerationScheme" "none"
[    95.057] (**) VirtualPS/2 VMware VMMouse: (accel) selected scheme none/0
[    95.057] (**) VirtualPS/2 VMware VMMouse: (accel) acceleration factor: 2.000
[    95.057] (**) VirtualPS/2 VMware VMMouse: (accel) acceleration threshold: 4
[    95.058] (II) event2  - VirtualPS/2 VMware VMMouse: is tagged by udev as: Mouse
[    95.058] (II) event2  - VirtualPS/2 VMware VMMouse: device is a pointer
[    95.059] (II) config/udev: Adding input device VirtualPS/2 VMware VMMouse (/dev/input/mouse0)
[    95.059] (II) No input driver specified, ignoring this device.
[    95.059] (II) This device may have been added with another device file.
[   560.588] (II) event2  - VirtualPS/2 VMware VMMouse: SYN_DROPPED event - some input events have been lost.
